Carver-Richards vs. Slow Exchange Equation
------------------------------------------------------------
AIC suggests Carver-Richards fit is likely better: 
AIC Carver-Richards: -77.486425	Slow: -50.534004	 Relative Likelihood: 1.40396e-06 


Carver-Richards vs. Fast Exchange Equation
------------------------------------------------------------
AIC suggests Carver-Richards fit is likely better: 
AIC Carver-Richards: -77.486425	Slow: -59.557222	 Relative Likelihood: 0.000127857 


Carver-Richards Fit Converged after 11 iterations
data points 20		 model parameters 5 
CR r^2 0.990641		chi^2 0.203340		SD 0.100832		AIC -77.486425
------------------------------------------------------------
PAR_CR   PA		1     99.19  +/-  0.074
PAR_CR   kex	1   855.28  +/- 93.592 Hz
PAR_CR   dw		1      1.69  +/-  0.128 ppm
PAR_CR   R20	1    -0.13  +/-  0.065 Hz
PAR_CR   R20	2    -0.06  +/-  0.046 Hz

DAT_CR   Rex	1     3.50   Hz
DAT_CR   Rex	2     2.20   Hz


Slow Fit Converged after 56 iterations
data points 20		 model parameters 4 
Slow r^2 0.956840		chi^2 0.937722		SD 0.216532		AIC -50.534004
------------------------------------------------------------
PAR_SLOW   ka		1     2.71  +/-  0.128 Hz
PAR_SLOW   dw		1      2.59  +/-  0.168 ppm
PAR_SLOW   R20	1     0.15  +/-  0.095 Hz
PAR_SLOW   R20	2    -0.00  +/-  0.086 Hz

DAT_SLOW   Rex	1     3.05   Hz
DAT_SLOW   Rex	2     2.35   Hz


Fast Fit Converged after 6 iterations
data points 20		 model parameters 4 
Fast r^2 0.972512		chi^2 0.597225		SD 0.172804		AIC -59.557222
------------------------------------------------------------
PAR_FAST   kex		1  1364.49  +/-  0.128 Hz
PAR_FAST   PPdw		1      0.02  +/-  0.002 ppm
PAR_FAST   R20	1    -0.24  +/-  0.117 Hz
PAR_FAST   R20	2     0.01  +/-  0.076 Hz

DAT_FAST   Rex	1     3.87   Hz
DAT_FAST   Rex	2     1.72   Hz


Input Parameters
------------------------------------------------------------
Data Files (2)
	DF	1	./Res113_10d_900.dat	10	900	113	N
	DF	2	./Res113_10d_600.dat	10	600	113	N
Atoms (1)
	ATOM	1		Data Files: 1	2
Groups (1)
	GROUP	1		Data Files: 1	2
OPTIONS
	OPTION	CALC_SLOW_EQ
	OPTION	CALC_FAST_EQ
	OPTION	WEIGHTS	1.00
WEIGHTS
	ATOM	1	1.00


Carver-Richards Initial Condtions - Bounds Not Enforced For Fit
------------------------------------------------------------
IC_CR   PA	1      0.95        0.5           1 
IC_CR   kex	1   1000.00          0       1e+06 
IC_CR   dw	1      1.00          0         100 
IC_CR   R20	1      0.07        -10         100 
IC_CR   R20	2     -0.23        -10         100 


Slow Equation Initial Condtions - Bounds Not Enforced For Fit
------------------------------------------------------------
IC_SLOW   ka	1         5        0.1         200 
IC_SLOW   dw	1         1          0         100 
IC_SLOW   R20	1   0.07477        -10         100 
IC_SLOW   R20	2   -0.2317        -10         100 


Fast Equation Initial Condtions - Bounds Not Enforced For Fit
------------------------------------------------------------
IC_FAST   kex	1      1000          0       1e+06 
IC_FAST   PPdw	1         1          0        1000 
IC_FAST   R20	1   0.07477        -10         100 
IC_FAST   R20	2   -0.2317        -10         100 


